<?xml version="1.0" encoding="UTF-8"?>
<!-- Generated by org.testng.reporters.JUnitReportReporter -->
<testsuite hostname="lENOVO-PC" failures="0" tests="5" name="testCases.TC_003_LoginDataDriven_Test" time="86.183" errors="0" timestamp="2023-01-23T06:08:05 IST" skipped="0">
  <testcase classname="testCases.TC_003_LoginDataDriven_Test" name="loginPage" time="19.985"/>
  <system-out/>
  <testcase classname="testCases.TC_003_LoginDataDriven_Test" name="loginPage" time="16.190"/>
  <system-out/>
  <testcase classname="testCases.TC_003_LoginDataDriven_Test" name="loginPage" time="18.151"/>
  <system-out/>
  <testcase classname="testCases.TC_003_LoginDataDriven_Test" name="loginPage" time="16.169"/>
  <system-out/>
  <testcase classname="testCases.TC_003_LoginDataDriven_Test" name="loginPage" time="15.688"/>
  <system-out/>
</testsuite> <!-- testCases.TC_003_LoginDataDriven_Test -->
