<?xml version="1.0" encoding="UTF-8"?>
<!-- Generated by org.testng.reporters.JUnitReportReporter -->
<testsuite hostname="lENOVO-PC" failures="0" tests="5" name="testCases.TC_003_LoginDataDriven_Test" time="78.317" errors="0" timestamp="2023-01-02T15:45:48 IST" skipped="0">
  <testcase classname="testCases.TC_003_LoginDataDriven_Test" name="loginPage" time="16.723"/>
  <system-out/>
  <testcase classname="testCases.TC_003_LoginDataDriven_Test" name="loginPage" time="20.515"/>
  <system-out/>
  <testcase classname="testCases.TC_003_LoginDataDriven_Test" name="loginPage" time="9.544"/>
  <system-out/>
  <testcase classname="testCases.TC_003_LoginDataDriven_Test" name="loginPage" time="15.196"/>
  <system-out/>
  <testcase classname="testCases.TC_003_LoginDataDriven_Test" name="loginPage" time="16.339"/>
  <system-out/>
</testsuite> <!-- testCases.TC_003_LoginDataDriven_Test -->
