<?xml version="1.0" encoding="UTF-8"?>
<!-- Generated by org.testng.reporters.JUnitReportReporter -->
<testsuite hostname="lENOVO-PC" failures="0" tests="5" name="testCases.TC_003_LoginDataDriven_Test" time="81.603" errors="0" timestamp="2023-01-22T13:00:49 IST" skipped="0">
  <testcase classname="testCases.TC_003_LoginDataDriven_Test" name="loginPage" time="21.907"/>
  <system-out/>
  <testcase classname="testCases.TC_003_LoginDataDriven_Test" name="loginPage" time="18.427"/>
  <system-out/>
  <testcase classname="testCases.TC_003_LoginDataDriven_Test" name="loginPage" time="15.630"/>
  <system-out/>
  <testcase classname="testCases.TC_003_LoginDataDriven_Test" name="loginPage" time="9.780"/>
  <system-out/>
  <testcase classname="testCases.TC_003_LoginDataDriven_Test" name="loginPage" time="15.859"/>
  <system-out/>
</testsuite> <!-- testCases.TC_003_LoginDataDriven_Test -->
