<?xml version="1.0" encoding="UTF-8"?>
<!-- Generated by org.testng.reporters.JUnitReportReporter -->
<testsuite hostname="lENOVO-PC" failures="0" tests="1" name="testCases.TC_002_LoginTest" time="6.615" errors="0" timestamp="2023-01-23T06:24:37 IST" skipped="0">
  <testcase classname="testCases.TC_002_LoginTest" name="loginPage" time="6.615"/>
  <system-out/>
</testsuite> <!-- testCases.TC_002_LoginTest -->
