<?xml version="1.0" encoding="UTF-8"?>
<!-- Generated by org.testng.reporters.JUnitReportReporter -->
<testsuite hostname="lENOVO-PC" failures="0" tests="5" name="testCases.TC_003_LoginDataDriven_Test" time="82.529" errors="0" timestamp="2023-01-02T20:08:34 IST" skipped="0">
  <testcase classname="testCases.TC_003_LoginDataDriven_Test" name="loginPage" time="22.760"/>
  <system-out/>
  <testcase classname="testCases.TC_003_LoginDataDriven_Test" name="loginPage" time="15.274"/>
  <system-out/>
  <testcase classname="testCases.TC_003_LoginDataDriven_Test" name="loginPage" time="16.250"/>
  <system-out/>
  <testcase classname="testCases.TC_003_LoginDataDriven_Test" name="loginPage" time="8.179"/>
  <system-out/>
  <testcase classname="testCases.TC_003_LoginDataDriven_Test" name="loginPage" time="20.066"/>
  <system-out/>
</testsuite> <!-- testCases.TC_003_LoginDataDriven_Test -->
